09:03:17 com_github_zykrah_kicad-kle-placer.kle_placer_action 497: Plugin executed with python version: '3.9.16 (main, Oct 13 2023, 05:50:11) [MSC v.1936 64 bit (AMD64)]'
09:03:22 com_github_zykrah_kicad-kle-placer.kle_placer_action 512: User layout: Keyboard(meta=KeyboardMetadata(backcolor='#eeeeee', name='', author='', notes='', background=None, radii='', switchMount='', switchBrand='', switchType='', plate=False, pcb=False), keys=[Key(color='#cccccc', labels=['7', '', '', '', '', '', 'Home', '', '', '', '', ''], text_color=[None, None, None, None, None, None, None, None, None, None, None, None], text_size=[None, None, None, None, None, None, None, None, None, None, None, None], default=KeyDefault(text_color='#000000', text_size=3), x=0.0, y=0.0, width=1.0, height=1.0, x2=0.0, y2=0.0, width2=1.0, height2=1.0, rotation_x=0.0, rotation_y=0.0, rotation_angle=0.0, decal=False, ghost=False, stepped=False, nub=False, profile='', sm='', sb='', st=''), Key(color='#cccccc', labels=['8', '', '', '', '', '', '↑', '', '', '', '', ''], text_color=[None, None, None, None, None, None, None, None, None, None, None, None], text_size=[None, None, None, None, None, None, None, None, None, None, None, None], default=KeyDefault(text_color='#000000', text_size=3), x=1.0, y=0.0, width=1, height=1, x2=0, y2=0, width2=1, height2=1, rotation_x=0.0, rotation_y=0.0, rotation_angle=0.0, decal=False, ghost=False, stepped=False, nub=False, profile='', sm='', sb='', st=''), Key(color='#cccccc', labels=['9', '', '', '', '', '', 'PgUp', '', '', '', '', ''], text_color=[None, None, None, None, None, None, None, None, None, None, None, None], text_size=[None, None, None, None, None, None, None, None, None, None, None, None], default=KeyDefault(text_color='#000000', text_size=3), x=2.0, y=0.0, width=1, height=1, x2=0, y2=0, width2=1, height2=1, rotation_x=0.0, rotation_y=0.0, rotation_angle=0.0, decal=False, ghost=False, stepped=False, nub=False, profile='', sm='', sb='', st=''), Key(color='#cccccc', labels=['4', '', '', '', '', '', '←', '', '', '', '', ''], text_color=[None, None, None, None, None, None, None, None, None, None, None, None], text_size=[None, None, None, None, None, None, None, None, None, None, None, None], default=KeyDefault(text_color='#000000', text_size=3), x=0.0, y=1.0, width=1, height=1, x2=0, y2=0, width2=1, height2=1, rotation_x=0.0, rotation_y=0.0, rotation_angle=0.0, decal=False, ghost=False, stepped=False, nub=False, profile='', sm='', sb='', st=''), Key(color='#cccccc', labels=['5', '', '', '', '', '', '', '', '', '', '', ''], text_color=[None, None, None, None, None, None, None, None, None, None, None, None], text_size=[None, None, None, None, None, None, None, None, None, None, None, None], default=KeyDefault(text_color='#000000', text_size=3), x=1.0, y=1.0, width=1, height=1, x2=0, y2=0, width2=1, height2=1, rotation_x=0.0, rotation_y=0.0, rotation_angle=0.0, decal=False, ghost=False, stepped=False, nub=False, profile='', sm='', sb='', st=''), Key(color='#cccccc', labels=['6', '', '', '', '', '', '→', '', '', '', '', ''], text_color=[None, None, None, None, None, None, None, None, None, None, None, None], text_size=[None, None, None, None, None, None, None, None, None, None, None, None], default=KeyDefault(text_color='#000000', text_size=3), x=2.0, y=1.0, width=1, height=1, x2=0, y2=0, width2=1, height2=1, rotation_x=0.0, rotation_y=0.0, rotation_angle=0.0, decal=False, ghost=False, stepped=False, nub=False, profile='', sm='', sb='', st=''), Key(color='#cccccc', labels=['1', '', '', '', '', '', 'End', '', '', '', '', ''], text_color=[None, None, None, None, None, None, None, None, None, None, None, None], text_size=[None, None, None, None, None, None, None, None, None, None, None, None], default=KeyDefault(text_color='#000000', text_size=3), x=0.0, y=2.0, width=1, height=1, x2=0, y2=0, width2=1, height2=1, rotation_x=0.0, rotation_y=0.0, rotation_angle=0.0, decal=False, ghost=False, stepped=False, nub=False, profile='', sm='', sb='', st=''), Key(color='#cccccc', labels=['2', '', '', '', '', '', '↓', '', '', '', '', ''], text_color=[None, None, None, None, None, None, None, None, None, None, None, None], text_size=[None, None, None, None, None, None, None, None, None, None, None, None], default=KeyDefault(text_color='#000000', text_size=3), x=1.0, y=2.0, width=1, height=1, x2=0, y2=0, width2=1, height2=1, rotation_x=0.0, rotation_y=0.0, rotation_angle=0.0, decal=False, ghost=False, stepped=False, nub=False, profile='', sm='', sb='', st=''), Key(color='#cccccc', labels=['3', '', '', '', '', '', 'PgDn', '', '', '', '', ''], text_color=[None, None, None, None, None, None, None, None, None, None, None, None], text_size=[None, None, None, None, None, None, None, None, None, None, None, None], default=KeyDefault(text_color='#000000', text_size=3), x=2.0, y=2.0, width=1, height=1, x2=0, y2=0, width2=1, height2=1, rotation_x=0.0, rotation_y=0.0, rotation_angle=0.0, decal=False, ghost=False, stepped=False, nub=False, profile='', sm='', sb='', st='')])
09:03:22 com_github_zykrah_kicad-kle-placer.kle_placer_action 181: [Key(color='#cccccc', labels=['7', '', '', '', '', '', 'Home', '', '', '', '', ''], text_color=[None, None, None, None, None, None, None, None, None, None, None, None], text_size=[None, None, None, None, None, None, None, None, None, None, None, None], default=KeyDefault(text_color='#000000', text_size=3), x=0.0, y=0.0, width=1.0, height=1.0, x2=0.0, y2=0.0, width2=1.0, height2=1.0, rotation_x=0.0, rotation_y=0.0, rotation_angle=0.0, decal=False, ghost=False, stepped=False, nub=False, profile='', sm='', sb='', st=''), Key(color='#cccccc', labels=['8', '', '', '', '', '', '↑', '', '', '', '', ''], text_color=[None, None, None, None, None, None, None, None, None, None, None, None], text_size=[None, None, None, None, None, None, None, None, None, None, None, None], default=KeyDefault(text_color='#000000', text_size=3), x=1.0, y=0.0, width=1, height=1, x2=0, y2=0, width2=1, height2=1, rotation_x=0.0, rotation_y=0.0, rotation_angle=0.0, decal=False, ghost=False, stepped=False, nub=False, profile='', sm='', sb='', st=''), Key(color='#cccccc', labels=['9', '', '', '', '', '', 'PgUp', '', '', '', '', ''], text_color=[None, None, None, None, None, None, None, None, None, None, None, None], text_size=[None, None, None, None, None, None, None, None, None, None, None, None], default=KeyDefault(text_color='#000000', text_size=3), x=2.0, y=0.0, width=1, height=1, x2=0, y2=0, width2=1, height2=1, rotation_x=0.0, rotation_y=0.0, rotation_angle=0.0, decal=False, ghost=False, stepped=False, nub=False, profile='', sm='', sb='', st=''), Key(color='#cccccc', labels=['4', '', '', '', '', '', '←', '', '', '', '', ''], text_color=[None, None, None, None, None, None, None, None, None, None, None, None], text_size=[None, None, None, None, None, None, None, None, None, None, None, None], default=KeyDefault(text_color='#000000', text_size=3), x=0.0, y=1.0, width=1, height=1, x2=0, y2=0, width2=1, height2=1, rotation_x=0.0, rotation_y=0.0, rotation_angle=0.0, decal=False, ghost=False, stepped=False, nub=False, profile='', sm='', sb='', st=''), Key(color='#cccccc', labels=['5', '', '', '', '', '', '', '', '', '', '', ''], text_color=[None, None, None, None, None, None, None, None, None, None, None, None], text_size=[None, None, None, None, None, None, None, None, None, None, None, None], default=KeyDefault(text_color='#000000', text_size=3), x=1.0, y=1.0, width=1, height=1, x2=0, y2=0, width2=1, height2=1, rotation_x=0.0, rotation_y=0.0, rotation_angle=0.0, decal=False, ghost=False, stepped=False, nub=False, profile='', sm='', sb='', st=''), Key(color='#cccccc', labels=['6', '', '', '', '', '', '→', '', '', '', '', ''], text_color=[None, None, None, None, None, None, None, None, None, None, None, None], text_size=[None, None, None, None, None, None, None, None, None, None, None, None], default=KeyDefault(text_color='#000000', text_size=3), x=2.0, y=1.0, width=1, height=1, x2=0, y2=0, width2=1, height2=1, rotation_x=0.0, rotation_y=0.0, rotation_angle=0.0, decal=False, ghost=False, stepped=False, nub=False, profile='', sm='', sb='', st=''), Key(color='#cccccc', labels=['1', '', '', '', '', '', 'End', '', '', '', '', ''], text_color=[None, None, None, None, None, None, None, None, None, None, None, None], text_size=[None, None, None, None, None, None, None, None, None, None, None, None], default=KeyDefault(text_color='#000000', text_size=3), x=0.0, y=2.0, width=1, height=1, x2=0, y2=0, width2=1, height2=1, rotation_x=0.0, rotation_y=0.0, rotation_angle=0.0, decal=False, ghost=False, stepped=False, nub=False, profile='', sm='', sb='', st=''), Key(color='#cccccc', labels=['2', '', '', '', '', '', '↓', '', '', '', '', ''], text_color=[None, None, None, None, None, None, None, None, None, None, None, None], text_size=[None, None, None, None, None, None, None, None, None, None, None, None], default=KeyDefault(text_color='#000000', text_size=3), x=1.0, y=2.0, width=1, height=1, x2=0, y2=0, width2=1, height2=1, rotation_x=0.0, rotation_y=0.0, rotation_angle=0.0, decal=False, ghost=False, stepped=False, nub=False, profile='', sm='', sb='', st=''), Key(color='#cccccc', labels=['3', '', '', '', '', '', 'PgDn', '', '', '', '', ''], text_color=[None, None, None, None, None, None, None, None, None, None, None, None], text_size=[None, None, None, None, None, None, None, None, None, None, None, None], default=KeyDefault(text_color='#000000', text_size=3), x=2.0, y=2.0, width=1, height=1, x2=0, y2=0, width2=1, height2=1, rotation_x=0.0, rotation_y=0.0, rotation_angle=0.0, decal=False, ghost=False, stepped=False, nub=False, profile='', sm='', sb='', st='')]
09:03:22 com_github_zykrah_kicad-kle-placer.kle_placer_action 134: Searching for MX1 footprint
09:03:22 com_github_zykrah_kicad-kle-placer.kle_placer_action 348: first_key_pos (16395000, 16475000)
09:03:22 com_github_zykrah_kicad-kle-placer.kle_placer_action 361: default_key_rotation 180.0
09:03:22 com_github_zykrah_kicad-kle-placer.kle_placer_action 134: Searching for D1 footprint
09:03:22 com_github_zykrah_kicad-kle-placer.kle_placer_action 134: Searching for D1 footprint
09:03:22 com_github_zykrah_kicad-kle-placer.kle_placer_action 134: Searching for MX1 footprint
09:03:22 com_github_zykrah_kicad-kle-placer.kle_placer_action 134: Searching for S1 footprint
09:03:22 com_github_zykrah_kicad-kle-placer.kle_placer_action 142: Setting MX1 footprint position: (25920000, 26000000)
09:03:22 com_github_zykrah_kicad-kle-placer.kle_placer_action 142: Setting D1 footprint position: (29000000, 26650000)
09:03:22 com_github_zykrah_kicad-kle-placer.kle_placer_action 150: Rotating D1 footprint: rotationReference: (25920000, 26000000), rotationAngle: 0
09:03:22 com_github_zykrah_kicad-kle-placer.kle_placer_action 134: Searching for D2 footprint
09:03:22 com_github_zykrah_kicad-kle-placer.kle_placer_action 134: Searching for MX2 footprint
09:03:22 com_github_zykrah_kicad-kle-placer.kle_placer_action 134: Searching for S2 footprint
09:03:22 com_github_zykrah_kicad-kle-placer.kle_placer_action 142: Setting MX2 footprint position: (44970000, 26000000)
09:03:22 com_github_zykrah_kicad-kle-placer.kle_placer_action 142: Setting D2 footprint position: (48050000, 26650000)
09:03:22 com_github_zykrah_kicad-kle-placer.kle_placer_action 150: Rotating D2 footprint: rotationReference: (44970000, 26000000), rotationAngle: 0
09:03:22 com_github_zykrah_kicad-kle-placer.kle_placer_action 134: Searching for D3 footprint
09:03:22 com_github_zykrah_kicad-kle-placer.kle_placer_action 134: Searching for MX3 footprint
09:03:22 com_github_zykrah_kicad-kle-placer.kle_placer_action 134: Searching for S3 footprint
09:03:22 com_github_zykrah_kicad-kle-placer.kle_placer_action 142: Setting MX3 footprint position: (64020000, 26000000)
09:03:22 com_github_zykrah_kicad-kle-placer.kle_placer_action 142: Setting D3 footprint position: (67100000, 26650000)
09:03:22 com_github_zykrah_kicad-kle-placer.kle_placer_action 150: Rotating D3 footprint: rotationReference: (64020000, 26000000), rotationAngle: 0
09:03:22 com_github_zykrah_kicad-kle-placer.kle_placer_action 134: Searching for D4 footprint
09:03:22 com_github_zykrah_kicad-kle-placer.kle_placer_action 134: Searching for MX4 footprint
09:03:22 com_github_zykrah_kicad-kle-placer.kle_placer_action 134: Searching for S4 footprint
09:03:22 com_github_zykrah_kicad-kle-placer.kle_placer_action 142: Setting MX4 footprint position: (25920000, 45050000)
09:03:22 com_github_zykrah_kicad-kle-placer.kle_placer_action 142: Setting D4 footprint position: (29000000, 45700000)
09:03:22 com_github_zykrah_kicad-kle-placer.kle_placer_action 150: Rotating D4 footprint: rotationReference: (25920000, 45050000), rotationAngle: 0
09:03:22 com_github_zykrah_kicad-kle-placer.kle_placer_action 134: Searching for D5 footprint
09:03:22 com_github_zykrah_kicad-kle-placer.kle_placer_action 134: Searching for MX5 footprint
09:03:22 com_github_zykrah_kicad-kle-placer.kle_placer_action 134: Searching for S5 footprint
09:03:22 com_github_zykrah_kicad-kle-placer.kle_placer_action 142: Setting MX5 footprint position: (44970000, 45050000)
09:03:22 com_github_zykrah_kicad-kle-placer.kle_placer_action 142: Setting D5 footprint position: (48050000, 45700000)
09:03:22 com_github_zykrah_kicad-kle-placer.kle_placer_action 150: Rotating D5 footprint: rotationReference: (44970000, 45050000), rotationAngle: 0
09:03:22 com_github_zykrah_kicad-kle-placer.kle_placer_action 134: Searching for D6 footprint
09:03:22 com_github_zykrah_kicad-kle-placer.kle_placer_action 134: Searching for MX6 footprint
09:03:22 com_github_zykrah_kicad-kle-placer.kle_placer_action 134: Searching for S6 footprint
09:03:22 com_github_zykrah_kicad-kle-placer.kle_placer_action 142: Setting MX6 footprint position: (64020000, 45050000)
09:03:22 com_github_zykrah_kicad-kle-placer.kle_placer_action 142: Setting D6 footprint position: (67100000, 45700000)
09:03:22 com_github_zykrah_kicad-kle-placer.kle_placer_action 150: Rotating D6 footprint: rotationReference: (64020000, 45050000), rotationAngle: 0
09:03:22 com_github_zykrah_kicad-kle-placer.kle_placer_action 134: Searching for D7 footprint
09:03:22 com_github_zykrah_kicad-kle-placer.kle_placer_action 134: Searching for MX7 footprint
09:03:22 com_github_zykrah_kicad-kle-placer.kle_placer_action 134: Searching for S7 footprint
09:03:22 com_github_zykrah_kicad-kle-placer.kle_placer_action 142: Setting MX7 footprint position: (25920000, 64100000)
09:03:22 com_github_zykrah_kicad-kle-placer.kle_placer_action 142: Setting D7 footprint position: (29000000, 64750000)
09:03:22 com_github_zykrah_kicad-kle-placer.kle_placer_action 150: Rotating D7 footprint: rotationReference: (25920000, 64100000), rotationAngle: 0
09:03:22 com_github_zykrah_kicad-kle-placer.kle_placer_action 134: Searching for D8 footprint
09:03:22 com_github_zykrah_kicad-kle-placer.kle_placer_action 134: Searching for MX8 footprint
09:03:22 com_github_zykrah_kicad-kle-placer.kle_placer_action 134: Searching for S8 footprint
09:03:22 com_github_zykrah_kicad-kle-placer.kle_placer_action 142: Setting MX8 footprint position: (44970000, 64100000)
09:03:22 com_github_zykrah_kicad-kle-placer.kle_placer_action 142: Setting D8 footprint position: (48050000, 64750000)
09:03:22 com_github_zykrah_kicad-kle-placer.kle_placer_action 150: Rotating D8 footprint: rotationReference: (44970000, 64100000), rotationAngle: 0
09:03:22 com_github_zykrah_kicad-kle-placer.kle_placer_action 134: Searching for D9 footprint
09:03:22 com_github_zykrah_kicad-kle-placer.kle_placer_action 134: Searching for MX9 footprint
09:03:22 com_github_zykrah_kicad-kle-placer.kle_placer_action 134: Searching for S9 footprint
09:03:22 com_github_zykrah_kicad-kle-placer.kle_placer_action 142: Setting MX9 footprint position: (64020000, 64100000)
09:03:22 com_github_zykrah_kicad-kle-placer.kle_placer_action 142: Setting D9 footprint position: (67100000, 64750000)
09:03:22 com_github_zykrah_kicad-kle-placer.kle_placer_action 150: Rotating D9 footprint: rotationReference: (64020000, 64100000), rotationAngle: 0
